{
  "RSpec": {
    "coverage": {
      "/Users/mothership/Desktop/TURING/mods/2mod/solos/adopt_dont_shop_2001/config/environment.rb": [
        null,
        1,
        null,
        null,
        1
      ],
      "/Users/mothership/Desktop/TURING/mods/2mod/solos/adopt_dont_shop_2001/config/application.rb": [
        1,
        null,
        1,
        null,
        1,
        1,
        1,
        1,
        1,
        1,
        1,
        1,
        null,
        null,
        null,
        null,
        1,
        null,
        1,
        1,
        null,
        1,
        null,
        null,
        null,
        null,
        null,
        null,
        1,
        null,
        null
      ],
      "/Users/mothership/Desktop/TURING/mods/2mod/solos/adopt_dont_shop_2001/config/boot.rb": [
        1,
        null,
        1
      ],
      "/Users/mothership/Desktop/TURING/mods/2mod/solos/adopt_dont_shop_2001/config/environments/test.rb": [
        1,
        null,
        null,
        null,
        null,
        null,
        null,
        1,
        null,
        null,
        null,
        null,
        1,
        null,
        null,
        1,
        1,
        null,
        null,
        null,
        null,
        1,
        1,
        null,
        null,
        1,
        null,
        null,
        1,
        1,
        null,
        null,
        null,
        null,
        1,
        null,
        null,
        1,
        null,
        null,
        null,
        null
      ],
      "/Users/mothership/Desktop/TURING/mods/2mod/solos/adopt_dont_shop_2001/config/initializers/application_controller_renderer.rb": [
        null,
        null,
        null,
        null,
        null,
        null,
        null,
        null
      ],
      "/Users/mothership/Desktop/TURING/mods/2mod/solos/adopt_dont_shop_2001/config/initializers/assets.rb": [
        null,
        null,
        null,
        1,
        null,
        null,
        null,
        null,
        1,
        null,
        null,
        null,
        null,
        null
      ],
      "/Users/mothership/Desktop/TURING/mods/2mod/solos/adopt_dont_shop_2001/config/initializers/backtrace_silencers.rb": [
        null,
        null,
        null,
        null,
        null,
        null,
        null
      ],
      "/Users/mothership/Desktop/TURING/mods/2mod/solos/adopt_dont_shop_2001/config/initializers/cookies_serializer.rb": [
        null,
        null,
        null,
        null,
        1
      ],
      "/Users/mothership/Desktop/TURING/mods/2mod/solos/adopt_dont_shop_2001/config/initializers/filter_parameter_logging.rb": [
        null,
        null,
        null,
        1
      ],
      "/Users/mothership/Desktop/TURING/mods/2mod/solos/adopt_dont_shop_2001/config/initializers/inflections.rb": [
        null,
        null,
        null,
        null,
        null,
        null,
        null,
        null,
        null,
        null,
        null,
        null,
        null,
        null,
        null,
        null
      ],
      "/Users/mothership/Desktop/TURING/mods/2mod/solos/adopt_dont_shop_2001/config/initializers/mime_types.rb": [
        null,
        null,
        null,
        null
      ],
      "/Users/mothership/Desktop/TURING/mods/2mod/solos/adopt_dont_shop_2001/config/initializers/wrap_parameters.rb": [
        null,
        null,
        null,
        null,
        null,
        null,
        1,
        2,
        null,
        null,
        null,
        null,
        null,
        null
      ],
      "/Users/mothership/Desktop/TURING/mods/2mod/solos/adopt_dont_shop_2001/config/routes.rb": [
        1,
        null,
        null,
        1,
        null,
        1,
        1,
        1,
        1,
        1,
        1,
        1,
        null
      ],
      "/Users/mothership/Desktop/TURING/mods/2mod/solos/adopt_dont_shop_2001/app/helpers/application_helper.rb": [
        1,
        null
      ],
      "/Users/mothership/Desktop/TURING/mods/2mod/solos/adopt_dont_shop_2001/spec/features/shelters/user_can_destroy_shelter_spec.rb": [
        1,
        null,
        1,
        1,
        1,
        null,
        null,
        null,
        null,
        1,
        null,
        null,
        null,
        null,
        null,
        1,
        1,
        null,
        1,
        null,
        1,
        null,
        1,
        1,
        1,
        null,
        null
      ],
      "/Users/mothership/Desktop/TURING/mods/2mod/solos/adopt_dont_shop_2001/spec/features/shelters/user_can_see_all_shelters_spec.rb": [
        1,
        null,
        1,
        1,
        1,
        null,
        null,
        null,
        null,
        1,
        null,
        null,
        null,
        null,
        1,
        null,
        null,
        null,
        null,
        null,
        1,
        null,
        1,
        1,
        1,
        null,
        null
      ],
      "/Users/mothership/Desktop/TURING/mods/2mod/solos/adopt_dont_shop_2001/spec/features/shelters/user_can_see_single_shelter_spec.rb": [
        1,
        null,
        1,
        1,
        1,
        null,
        null,
        null,
        null,
        1,
        null,
        null,
        null,
        null,
        1,
        null,
        null,
        null,
        null,
        null,
        1,
        null,
        1,
        1,
        1,
        1,
        1,
        null,
        1,
        1,
        null,
        null
      ],
      "/Users/mothership/Desktop/TURING/mods/2mod/solos/adopt_dont_shop_2001/spec/features/shelters/user_can_update_shelter_spec.rb": [
        1,
        null,
        1,
        1,
        1,
        null,
        null,
        null,
        null,
        1,
        null,
        null,
        null,
        null,
        null,
        1,
        null,
        1,
        null,
        1,
        null,
        1,
        1,
        1,
        1,
        1,
        null,
        1,
        null,
        1,
        1,
        1,
        1,
        1,
        null,
        1,
        1,
        1,
        1,
        1,
        null,
        null
      ],
      "/Users/mothership/Desktop/TURING/mods/2mod/solos/adopt_dont_shop_2001/spec/features/welcome/user_can_see_welcome_page_spec.rb": [
        1,
        null,
        1,
        1,
        null,
        1,
        null,
        1,
        1,
        1,
        null,
        null
      ],
      "/Users/mothership/Desktop/TURING/mods/2mod/solos/adopt_dont_shop_2001/app/controllers/shelters_controller.rb": [
        1,
        1,
        4,
        null,
        null,
        1,
        5,
        null,
        null,
        1,
        null,
        1,
        1,
        1,
        null,
        null,
        1,
        2,
        null,
        null,
        1,
        1,
        1,
        1,
        1,
        null,
        null,
        1,
        1,
        1,
        null,
        null,
        1,
        null,
        1,
        1,
        null,
        null,
        1,
        1,
        null,
        null
      ],
      "/Users/mothership/Desktop/TURING/mods/2mod/solos/adopt_dont_shop_2001/app/controllers/application_controller.rb": [
        1,
        1,
        null
      ],
      "/Users/mothership/Desktop/TURING/mods/2mod/solos/adopt_dont_shop_2001/app/models/shelter.rb": [
        1,
        null,
        null
      ],
      "/Users/mothership/Desktop/TURING/mods/2mod/solos/adopt_dont_shop_2001/app/models/application_record.rb": [
        1,
        1,
        null
      ],
      "/Users/mothership/Desktop/TURING/mods/2mod/solos/adopt_dont_shop_2001/app/controllers/welcome_controller.rb": [
        1,
        1,
        null
      ]
    },
    "timestamp": 1584655801
  }
}
